<?xml version="1.0" encoding="UTF-8"?>
<!-- Generated by org.testng.reporters.JUnitReportReporter -->
<testsuite hostname="LAPTOP-D8FL3UKI" failures="0" tests="1" name="testCases.TC_002_LoginTest" time="17.181" errors="0" timestamp="2022-12-08T20:49:56 EST" skipped="0">
  <testcase classname="testCases.TC_002_LoginTest" name="test_Login" time="17.181"/>
  <system-out/>
</testsuite> <!-- testCases.TC_002_LoginTest -->
